Arguments: 
  /usr/local/Cellar/node/11.12.0/bin/node /usr/local/bin/yarn add express espress-graphql nodemon --save

PATH: 
  /Library/Frameworks/Python.framework/Versions/3.7/bin:/Users/cereal/.rvm/gems/ruby-2.5.3/bin:/Users/cereal/.rvm/gems/ruby-2.5.3@global/bin:/Users/cereal/.rvm/rubies/ruby-2.5.3/bin:/Users/cereal/.gem/ruby/2.2.2/bin:/Users/cereal/.rubies/ruby-2.2.2/lib/ruby/gems/2.2.0/bin:/Users/cereal/.rubies/ruby-2.2.2/bin:/usr/local/bin:/usr/local/bin:/usr/local/bin:/usr/bin:/bin:/usr/sbin:/sbin:/usr/local/go/bin:/Library/Frameworks/Python.framework/Versions/3.7/bin:/anaconda3/bin:/Users/cereal/.rvm/gems/ruby-2.5.3/bin:/Users/cereal/.rvm/gems/ruby-2.5.3@global/bin:/Users/cereal/.rvm/rubies/ruby-2.5.3/bin:/Users/cereal/.rvm/bin

Yarn version: 
  1.13.0

Node version: 
  11.12.0

Platform: 
  darwin x64

Trace: 
  Error: https://registry.yarnpkg.com/espress-graphql: Not found
      at Request.params.callback [as _callback] (/usr/local/lib/node_modules/yarn/lib/cli.js:66255:18)
      at Request.self.callback (/usr/local/lib/node_modules/yarn/lib/cli.js:129397:22)
      at Request.emit (events.js:197:13)
      at Request.<anonymous> (/usr/local/lib/node_modules/yarn/lib/cli.js:130369:10)
      at Request.emit (events.js:197:13)
      at IncomingMessage.<anonymous> (/usr/local/lib/node_modules/yarn/lib/cli.js:130291:12)
      at Object.onceWrapper (events.js:285:20)
      at IncomingMessage.emit (events.js:202:15)
      at endReadableNT (_stream_readable.js:1132:12)
      at processTicksAndRejections (internal/process/next_tick.js:76:17)

npm manifest: 
  {
    "name": "gql",
    "version": "1.0.0",
    "description": "Simple GraphQL server",
    "main": "server.js",
    "scripts": {
      "test": "echo \"Error: no test specified\" && exit 1"
    },
    "author": "Ngan Nguyen",
    "license": "MIT"
  }

yarn manifest: 
  No manifest

Lockfile: 
  No lockfile
